

times in msec
 clock   self+sourced   self:  sourced script
 clock   elapsed:              other lines

000.010  000.010: --- NVIM STARTING ---
000.974  000.964: locale set
001.615  000.641: inits 1
001.642  000.027: window checked
001.899  000.257: parsing arguments
005.202  003.303: expanding arguments
005.269  000.067: inits 2
005.752  000.482: init highlight
005.754  000.002: waiting for UI
008.567  002.813: done waiting for UI
008.588  000.021: init screen for UI
008.623  000.035: init default mappings
008.671  000.048: init default autocommands
010.067  000.157  000.157: sourcing /usr/local/Cellar/neovim/0.7.0/share/nvim/runtime/ftplugin.vim
010.397  000.099  000.099: sourcing /usr/local/Cellar/neovim/0.7.0/share/nvim/runtime/indent.vim
013.687  002.263  002.263: sourcing /Users/mario/.config/nvim/autoload/plug.vim
028.475  000.096  000.096: sourcing /usr/local/Cellar/neovim/0.7.0/share/nvim/runtime/filetype.lua
036.333  000.027  000.027: sourcing /Users/mario/.vim/bundle/vim-fugitive/ftdetect/fugitive.vim
036.922  000.151  000.151: sourcing /Users/mario/.vim/bundle/vim-ruby/ftdetect/ruby.vim
037.294  000.206  000.206: sourcing /Users/mario/.vim/bundle/vim-ruby/ftdetect/ruby_extra.vim
037.986  009.401  009.017: sourcing /usr/local/Cellar/neovim/0.7.0/share/nvim/runtime/filetype.vim
038.453  000.029  000.029: sourcing /usr/local/Cellar/neovim/0.7.0/share/nvim/runtime/ftplugin.vim
038.864  000.023  000.023: sourcing /usr/local/Cellar/neovim/0.7.0/share/nvim/runtime/indent.vim
039.552  000.116  000.116: sourcing /usr/local/Cellar/neovim/0.7.0/share/nvim/runtime/syntax/synload.vim
039.658  000.653  000.536: sourcing /usr/local/Cellar/neovim/0.7.0/share/nvim/runtime/syntax/syntax.vim
039.686  028.415  015.951: sourcing /Users/mario/.vim/modules/bundles.vim
040.232  000.088  000.088: sourcing /Users/mario/.vim/bundle/deoplete.nvim/autoload/deoplete.vim
040.884  000.154  000.154: sourcing /Users/mario/.vim/bundle/deoplete.nvim/autoload/deoplete/custom.vim
041.462  000.230  000.230: sourcing /Users/mario/.vim/bundle/deoplete.nvim/autoload/deoplete/init.vim
041.686  001.887  001.415: sourcing /Users/mario/.vim/modules/ncompletion.vim
042.159  000.371  000.371: sourcing /Users/mario/.vim/modules/autocmds.vim
042.307  000.040  000.040: sourcing /Users/mario/.vim/modules/helpers.vim
042.863  000.074  000.074: sourcing /Users/mario/.vim/bundle/vim-esearch/autoload/esearch.vim
043.881  000.364  000.364: sourcing /Users/mario/.vim/bundle/vim-esearch/autoload/vital/esearch.vim
044.621  000.336  000.336: sourcing /Users/mario/.vim/bundle/vim-esearch/autoload/vital/_esearch/Prelude.vim
045.002  000.035  000.035: sourcing /Users/mario/.vim/bundle/vim-esearch/autoload/vital/_esearch.vim
046.362  000.586  000.586: sourcing /Users/mario/.vim/bundle/vim-esearch/autoload/vital/_esearch/Data/List.vim
048.260  000.171  000.171: sourcing /Users/mario/.vim/bundle/vim-esearch/autoload/vital/_esearch/Vim/Message.vim
048.475  000.895  000.724: sourcing /Users/mario/.vim/bundle/vim-esearch/autoload/esearch/log.vim
049.349  000.389  000.389: sourcing /Users/mario/.vim/bundle/vim-esearch/autoload/vital/_esearch/System/Filepath.vim
050.487  000.188  000.188: sourcing /Users/mario/.vim/bundle/vim-esearch/autoload/esearch/has.vim
050.523  007.325  004.533: sourcing /Users/mario/.vim/bundle/vim-esearch/autoload/esearch/util.vim
051.220  000.069  000.069: sourcing /Users/mario/.vim/bundle/vim-esearch/autoload/esearch/polyfill.vim
052.039  000.422  000.422: sourcing /Users/mario/.vim/bundle/vim-esearch/autoload/vital/_esearch/Data/String.vim
053.314  000.186  000.186: sourcing /Users/mario/.vim/bundle/vim-esearch/autoload/vital/_esearch/Mapping.vim
053.625  002.781  002.103: sourcing /Users/mario/.vim/bundle/vim-esearch/autoload/esearch/keymap.vim
054.103  011.707  001.527: sourcing /Users/mario/.vim/modules/plugins.vim
055.263  001.052  001.052: sourcing /Users/mario/.vim/modules/mappings.vim
055.405  000.038  000.038: sourcing /Users/mario/.vim/modules/misc.vim
055.984  000.201  000.201: sourcing /Users/mario/.vim/bundle/gruvbox-material/autoload/gruvbox_material.vim
062.914  000.043  000.043: sourcing /Users/mario/.vim/bundle/gruvbox-material/after/syntax/text/gruvbox_material.vim
062.934  007.266  007.023: sourcing /Users/mario/.vim/bundle/gruvbox-material/colors/gruvbox-material.vim
161.260  150.360  099.584: sourcing /Users/mario/.config/nvim/init.lua
161.294  002.007: sourcing vimrc file(s)
162.256  000.057  000.057: sourcing /Users/mario/.vim/bundle/lightspeed.nvim/plugin/lightspeed.vim
162.957  000.459  000.459: sourcing /Users/mario/.vim/bundle/CamelCaseMotion/plugin/camelcasemotion.vim
163.238  000.046  000.046: sourcing /Users/mario/.vim/bundle/plenary.nvim/plugin/plenary.vim
163.908  000.071  000.071: sourcing /Users/mario/.vim/bundle/nvim-web-devicons/plugin/nvim-web-devicons.vim
165.932  001.716  001.716: sourcing /Users/mario/.vim/bundle/vim-fugitive/plugin/fugitive.vim
166.529  000.178  000.178: sourcing /Users/mario/.vim/bundle/vim-over/plugin/over.vim
167.229  000.260  000.260: sourcing /Users/mario/.vim/bundle/vim-expand-region/autoload/expand_region.vim
167.324  000.559  000.299: sourcing /Users/mario/.vim/bundle/vim-expand-region/plugin/expand_region.vim
168.041  000.465  000.465: sourcing /Users/mario/.vim/bundle/switch.vim/plugin/switch.vim
169.104  000.826  000.826: sourcing /Users/mario/.vim/bundle/vim-abolish/plugin/abolish.vim
169.624  000.051  000.051: sourcing /Users/mario/.vim/bundle/splitjoin.vim/autoload/sj/settings.vim
169.876  000.525  000.475: sourcing /Users/mario/.vim/bundle/splitjoin.vim/plugin/splitjoin.vim
170.290  000.182  000.182: sourcing /Users/mario/.vim/bundle/sideways.vim/plugin/sideways.vim
171.307  000.684  000.684: sourcing /Users/mario/.vim/bundle/vim-speeddating/plugin/speeddating.vim
171.682  000.124  000.124: sourcing /Users/mario/.vim/bundle/vim-pasta/plugin/pasta.vim
171.969  000.064  000.064: sourcing /Users/mario/.vim/bundle/move.nvim/plugin/move.vim
172.407  000.209  000.209: sourcing /Users/mario/.vim/bundle/vim-commentary/plugin/commentary.vim
173.377  000.740  000.740: sourcing /Users/mario/.vim/bundle/nvim-ts-context-commentstring/plugin/ts_context_commentstring.vim
174.093  000.500  000.500: sourcing /Users/mario/.vim/bundle/vim-surround/plugin/surround.vim
175.004  000.358  000.358: sourcing /Users/mario/.vim/bundle/vim-sandwich/plugin/operator/sandwich.vim
175.316  000.235  000.235: sourcing /Users/mario/.vim/bundle/vim-sandwich/plugin/sandwich.vim
175.559  000.166  000.166: sourcing /Users/mario/.vim/bundle/vim-sandwich/plugin/textobj/sandwich.vim
176.048  000.232  000.232: sourcing /Users/mario/.vim/bundle/tabular/plugin/Tabular.vim
176.497  000.187  000.187: sourcing /Users/mario/.vim/bundle/vim-easy-align/plugin/easy_align.vim
177.036  000.289  000.289: sourcing /Users/mario/.vim/bundle/vim-fetch/plugin/fetch.vim
178.568  001.275  001.275: sourcing /Users/mario/.vim/bundle/vim-bookmarks/plugin/bookmark.vim
178.962  000.122  000.122: sourcing /Users/mario/.vim/bundle/undoquit.vim/plugin/undoquit.vim
179.305  000.052  000.052: sourcing /Users/mario/.vim/bundle/nvim-colorizer.lua/plugin/colorizer.vim
179.738  000.221  000.221: sourcing /Users/mario/.vim/bundle/nvim-lsp-installer/plugin/nvim-lsp-installer.vim
180.100  000.098  000.098: sourcing /Users/mario/.vim/bundle/nvim-lspconfig/plugin/lspconfig.vim
181.241  000.871  000.871: sourcing /Users/mario/.vim/bundle/vim-rake/plugin/rake.vim
181.718  000.200  000.200: sourcing /Users/mario/.vim/bundle/vim-livedown/plugin/livedown.vim
182.341  000.367  000.367: sourcing /Users/mario/.vim/bundle/vim-yaml-helper/plugin/vim-yaml-helper.vim
182.733  000.123  000.123: sourcing /Users/mario/.vim/bundle/vim-esearch/plugin/esearch.vim
183.543  000.580  000.580: sourcing /Users/mario/.vim/bundle/vim-concertina/plugin/concertina.vim
184.150  000.243  000.243: sourcing /Users/mario/.vim/bundle/vim-asterisk/plugin/asterisk.vim
184.604  000.174  000.174: sourcing /Users/mario/.vim/bundle/deoplete.nvim/plugin/deoplete.vim
184.925  000.056  000.056: sourcing /Users/mario/.vim/bundle/neoinclude.vim/plugin/neoinclude.vim
185.168  000.033  000.033: sourcing /Users/mario/.vim/bundle/neco-syntax/plugin/necosyntax.vim
185.578  000.096  000.096: sourcing /Users/mario/.vim/bundle/neco-vim/plugin/necovim.vim
186.302  000.123  000.123: sourcing /Users/mario/.vim/bundle/deoplete-ternjs/autoload/ternjs.vim
186.337  000.543  000.420: sourcing /Users/mario/.vim/bundle/deoplete-ternjs/plugin/deoplete-ternjs.vim
187.798  000.238  000.238: sourcing /usr/local/Cellar/neovim/0.7.0/share/nvim/runtime/plugin/gzip.vim
187.916  000.026  000.026: sourcing /usr/local/Cellar/neovim/0.7.0/share/nvim/runtime/plugin/health.vim
188.091  000.091  000.091: sourcing /usr/local/Cellar/neovim/0.7.0/share/nvim/runtime/plugin/man.vim
191.322  000.297  000.297: sourcing /usr/local/Cellar/neovim/0.7.0/share/nvim/runtime/pack/dist/opt/matchit/plugin/matchit.vim
191.606  003.428  003.131: sourcing /usr/local/Cellar/neovim/0.7.0/share/nvim/runtime/plugin/matchit.vim
191.940  000.244  000.244: sourcing /usr/local/Cellar/neovim/0.7.0/share/nvim/runtime/plugin/matchparen.vim
192.561  000.521  000.521: sourcing /usr/local/Cellar/neovim/0.7.0/share/nvim/runtime/plugin/netrwPlugin.vim
194.839  000.332  000.332: sourcing /usr/local/Cellar/neovim/0.7.0/share/nvim/runtime/autoload/remote/host.vim
195.687  000.400  000.400: sourcing /usr/local/Cellar/neovim/0.7.0/share/nvim/runtime/autoload/remote/define.vim
195.782  002.739  002.008: sourcing /Users/mario/.local/share/nvim/rplugin.vim
195.791  003.120  000.380: sourcing /usr/local/Cellar/neovim/0.7.0/share/nvim/runtime/plugin/rplugin.vim
196.027  000.129  000.129: sourcing /usr/local/Cellar/neovim/0.7.0/share/nvim/runtime/plugin/shada.vim
196.174  000.043  000.043: sourcing /usr/local/Cellar/neovim/0.7.0/share/nvim/runtime/plugin/spellfile.vim
196.440  000.173  000.173: sourcing /usr/local/Cellar/neovim/0.7.0/share/nvim/runtime/plugin/tarPlugin.vim
196.728  000.182  000.182: sourcing /usr/local/Cellar/neovim/0.7.0/share/nvim/runtime/plugin/tohtml.vim
196.866  000.039  000.039: sourcing /usr/local/Cellar/neovim/0.7.0/share/nvim/runtime/plugin/tutor.vim
197.192  000.233  000.233: sourcing /usr/local/Cellar/neovim/0.7.0/share/nvim/runtime/plugin/zipPlugin.vim
198.458  000.486  000.486: sourcing /Users/mario/.vim/bundle/telescope.nvim/plugin/telescope.lua
199.901  000.854  000.854: sourcing /Users/mario/.vim/bundle/nvim-treesitter/plugin/nvim-treesitter.lua
205.138  020.109: loading rtp plugins
205.358  000.220: loading packages
206.499  000.510  000.510: sourcing /Users/mario/.vim/bundle/tabular/autoload/tabular.vim
208.631  003.003  002.494: sourcing /Users/mario/.vim/bundle/tabular/after/plugin/TabularMaps.vim
208.863  000.501: loading after plugins
208.869  000.007: inits 3
212.607  003.737: reading ShaDa
216.971  000.422  000.422: sourcing /Users/mario/.vim/bundle/switch.vim/ftplugin/ruby/switch.vim
217.869  000.402  000.402: sourcing /Users/mario/.vim/bundle/splitjoin.vim/ftplugin/ruby/splitjoin.vim
219.079  000.427  000.427: sourcing /Users/mario/.vim/bundle/sideways.vim/ftplugin/ruby/sideways.vim
435.544  214.578  214.578: sourcing /usr/local/Cellar/neovim/0.7.0/share/nvim/runtime/autoload/provider/ruby.vim
517.065  297.332  082.754: sourcing /Users/mario/.vim/bundle/vim-ruby/ftplugin/ruby.vim
518.246  000.584  000.584: sourcing /usr/local/Cellar/neovim/0.7.0/share/nvim/runtime/ftplugin/ruby.vim
523.170  001.657  001.657: sourcing /Users/mario/.vim/bundle/vim-ruby/indent/ruby.vim
524.019  000.551  000.551: sourcing /usr/local/Cellar/neovim/0.7.0/share/nvim/runtime/indent/ruby.vim
531.584  002.133  002.133: sourcing /Users/mario/.vim/bundle/vim-bundler/plugin/bundler.vim
535.430  003.140  003.140: sourcing /Users/mario/.vim/bundle/vim-rails/plugin/rails.vim
536.558  000.050  000.050: sourcing /Users/mario/.vim/bundle/switch.vim/ftplugin/ruby/switch.vim
536.850  000.037  000.037: sourcing /Users/mario/.vim/bundle/splitjoin.vim/ftplugin/ruby/splitjoin.vim
537.103  000.032  000.032: sourcing /Users/mario/.vim/bundle/sideways.vim/ftplugin/ruby/sideways.vim
538.967  001.416  001.416: sourcing /Users/mario/.vim/bundle/vim-ruby/ftplugin/ruby.vim
539.503  000.024  000.024: sourcing /usr/local/Cellar/neovim/0.7.0/share/nvim/runtime/ftplugin/ruby.vim
541.544  001.135  001.135: sourcing /Users/mario/.vim/bundle/vim-rails/after/ftplugin/ruby/rails.vim
544.110  000.065  000.065: sourcing /Users/mario/.vim/bundle/vim-ruby/indent/ruby.vim
544.314  000.023  000.023: sourcing /usr/local/Cellar/neovim/0.7.0/share/nvim/runtime/indent/ruby.vim
567.884  022.658  022.658: sourcing /Users/mario/.vim/bundle/vim-ruby/syntax/ruby.vim
569.873  000.762  000.762: sourcing /usr/local/Cellar/neovim/0.7.0/share/nvim/runtime/syntax/ruby.vim
570.789  000.486  000.486: sourcing /Users/mario/.vim/bundle/gruvbox-material/after/syntax/ruby/gruvbox_material.vim
573.404  002.223  002.223: sourcing /Users/mario/.vim/bundle/vim-rails/after/syntax/ruby/rails.vim
1175.409  627.244: opening buffers
1176.176  000.768: BufEnter autocommands
1176.181  000.004: editing files in windows
1177.346  000.189  000.189: sourcing /Users/mario/.vim/bundle/vim-bookmarks/autoload/bm.vim
1178.434  000.178  000.178: sourcing /Users/mario/.vim/bundle/deoplete.nvim/autoload/deoplete/util.vim
1179.652  000.151  000.151: sourcing /usr/local/Cellar/neovim/0.7.0/share/nvim/runtime/autoload/provider/pythonx.vim
1221.705  041.563  041.563: sourcing /usr/local/Cellar/neovim/0.7.0/share/nvim/runtime/autoload/provider/python3.vim
1222.327  000.062  000.062: sourcing /usr/local/Cellar/neovim/0.7.0/share/nvim/runtime/autoload/provider.vim
1322.083  000.176  000.176: sourcing /Users/mario/.vim/bundle/deoplete.nvim/autoload/deoplete/mapping.vim
1322.834  000.306  000.306: sourcing /Users/mario/.vim/bundle/deoplete.nvim/autoload/deoplete/handler.vim
1323.805  000.251  000.251: sourcing /Users/mario/.vim/bundle/vim-fetch/autoload/fetch.vim
1323.966  104.910: VimEnter autocommands
1323.969  000.003: UIEnter autocommands
1324.669  000.293  000.293: sourcing /usr/local/Cellar/neovim/0.7.0/share/nvim/runtime/autoload/provider/clipboard.vim
1324.679  000.417: before starting main loop
1326.571  001.892: first screen update
1326.573  000.002: --- NVIM STARTED ---
